  AimBot.cpp
  MenuServer.cpp
  Misc.cpp
D:\Documents\VSProjects\csgomods\Misc.cpp(111,51): warning C4244: 'argument': conversion from 'int' to 'float', possible loss of data
  Skinchanger.cpp
  TriggerBot.cpp
  Settings.cpp
D:\Documents\VSProjects\csgomods\Utils\Settings\Settings.cpp(32,46): warning C4244: '=': conversion from 'T' to 'int', possible loss of data
          with
          [
              T=jsonxx::Number
          ]
D:\Documents\VSProjects\csgomods\Utils\Settings\Settings.cpp(35,42): warning C4244: '=': conversion from 'T' to 'int', possible loss of data
          with
          [
              T=jsonxx::Number
          ]
D:\Documents\VSProjects\csgomods\Utils\Settings\Settings.cpp(41,42): warning C4244: '=': conversion from 'T' to 'float', possible loss of data
          with
          [
              T=jsonxx::Number
          ]
D:\Documents\VSProjects\csgomods\Utils\Settings\Settings.cpp(47,47): warning C4244: '=': conversion from 'T' to 'int', possible loss of data
          with
          [
              T=jsonxx::Number
          ]
  Visuals.cpp
  main.cpp
  Generating code
  6 of 9323 functions (<0.1%) were compiled, the rest were copied from previous compilation.
    0 functions were new in current compilation
    8 functions had inline decision re-evaluated but remain unchanged
  Finished generating code
  csgomods.vcxproj -> D:\Documents\VSProjects\csgomods\Release\csgomods.exe
