d:\documents\vsprojects\csgomods\release\vc142.pdb
d:\documents\vsprojects\csgomods\release\baseentity.obj
d:\documents\vsprojects\csgomods\release\engine.obj
d:\documents\vsprojects\csgomods\release\stdafx.obj
d:\documents\vsprojects\csgomods\release\srcsdk.obj
d:\documents\vsprojects\csgomods\release\sigdata.obj
d:\documents\vsprojects\csgomods\release\util.obj
d:\documents\vsprojects\csgomods\release\rfw_ntapi.obj
d:\documents\vsprojects\csgomods\release\procin.obj
d:\documents\vsprojects\csgomods\release\procex.obj
d:\documents\vsprojects\csgomods\release\proc.obj
d:\documents\vsprojects\csgomods\release\patternscan.obj
d:\documents\vsprojects\csgomods\release\mod.obj
d:\documents\vsprojects\csgomods\release\netvar.obj
d:\documents\vsprojects\csgomods\release\scanner.obj
d:\documents\vsprojects\csgomods\release\settings.obj
d:\documents\vsprojects\csgomods\release\itemdefinitionindex.obj
d:\documents\vsprojects\csgomods\release\clientstate.obj
d:\documents\vsprojects\csgomods\release\client.obj
d:\documents\vsprojects\csgomods\release\bsp_parser.obj
d:\documents\vsprojects\csgomods\release\aimbot.obj
d:\documents\vsprojects\csgomods\release\basecombatweapon.obj
d:\documents\vsprojects\csgomods\release\triggerbot.obj
d:\documents\vsprojects\csgomods\release\skinchanger.obj
d:\documents\vsprojects\csgomods\release\offsets.obj
d:\documents\vsprojects\csgomods\release\misc.obj
d:\documents\vsprojects\csgomods\release\main.obj
d:\documents\vsprojects\csgomods\release\baselocalplayer.obj
d:\documents\vsprojects\csgomods\release\visuals.obj
d:\documents\vsprojects\csgomods\release\visiblecheck.obj
d:\documents\vsprojects\csgomods\release\entitylist.obj
d:\documents\vsprojects\csgomods\release\baseplayer.obj
d:\documents\vsprojects\csgomods\release\menuserver.obj
d:\documents\vsprojects\csgomods\release\jsonxx.obj
d:\documents\vsprojects\csgomods\release\helpers.obj
d:\documents\vsprojects\csgomods\release\glowobjectmanager.obj
d:\documents\vsprojects\csgomods\release\linegoesthroughsmoke.obj
d:\documents\vsprojects\csgomods\release\memory.obj
d:\documents\vsprojects\csgomods\release\csgomods.ipdb
d:\documents\vsprojects\csgomods\release\csgomods.iobj
d:\documents\vsprojects\csgomods\release\csgomods.exe
d:\documents\vsprojects\csgomods\release\csgomods.pdb
d:\documents\vsprojects\csgomods\release\csgomods.tlog\cl.command.1.tlog
d:\documents\vsprojects\csgomods\release\csgomods.tlog\cl.read.1.tlog
d:\documents\vsprojects\csgomods\release\csgomods.tlog\cl.write.1.tlog
d:\documents\vsprojects\csgomods\release\csgomods.tlog\csgomods.write.1u.tlog
d:\documents\vsprojects\csgomods\release\csgomods.tlog\link.command.1.tlog
d:\documents\vsprojects\csgomods\release\csgomods.tlog\link.read.1.tlog
d:\documents\vsprojects\csgomods\release\csgomods.tlog\link.write.1.tlog
